<?xml version="1.0" encoding="UTF-8"?>
<coverage generated="1426057438">
  <project timestamp="1426057438">
    <file name="/media/sf_lyricfloat/LyricFloat/RapGenius-PHP-master/src/rap_genius_wrapper.php">
      <class name="RapGenius" namespace="global">
        <metrics methods="5" coveredmethods="5" conditionals="0" coveredconditionals="0" statements="24" coveredstatements="24" elements="29" coveredelements="29"/>
      </class>
      <line num="61" type="method" name="__construct" crap="1" count="1"/>
      <line num="64" type="stmt" count="1"/>
      <line num="71" type="method" name="param_q" crap="2" count="1"/>
      <line num="74" type="stmt" count="1"/>
      <line num="76" type="stmt" count="1"/>
      <line num="77" type="stmt" count="1"/>
      <line num="78" type="stmt" count="1"/>
      <line num="99" type="method" name="reset_params" crap="1" count="1"/>
      <line num="102" type="stmt" count="1"/>
      <line num="103" type="stmt" count="1"/>
      <line num="111" type="method" name="execute_request" crap="2" count="1"/>
      <line num="113" type="stmt" count="1"/>
      <line num="115" type="stmt" count="1"/>
      <line num="116" type="stmt" count="1"/>
      <line num="117" type="stmt" count="1"/>
      <line num="118" type="stmt" count="1"/>
      <line num="119" type="stmt" count="1"/>
      <line num="122" type="stmt" count="1"/>
      <line num="124" type="stmt" count="1"/>
      <line num="127" type="stmt" count="1"/>
      <line num="130" type="stmt" count="1"/>
      <line num="148" type="method" name="build_query_url" crap="2" count="2"/>
      <line num="155" type="stmt" count="2"/>
      <line num="158" type="stmt" count="2"/>
      <line num="160" type="stmt" count="2"/>
      <line num="162" type="stmt" count="2"/>
      <line num="163" type="stmt" count="2"/>
      <line num="166" type="stmt" count="2"/>
      <line num="168" type="stmt" count="2"/>
      <metrics loc="175" ncloc="130" classes="1" methods="5" coveredmethods="5" conditionals="0" coveredconditionals="0" statements="24" coveredstatements="24" elements="29" coveredelements="29"/>
    </file>
    <file name="/media/sf_lyricfloat/LyricFloat/app/test/white/APITest.php">
      <class name="APITest" namespace="global">
        <metrics methods="5" coveredmethods="5" conditionals="0" coveredconditionals="0" statements="25" coveredstatements="25" elements="30" coveredelements="30"/>
      </class>
      <line num="44" type="method" name="testSanity" crap="1" count="1"/>
      <line num="46" type="stmt" count="1"/>
      <line num="48" type="stmt" count="1"/>
      <line num="50" type="stmt" count="1"/>
      <line num="56" type="method" name="testParams" crap="1" count="1"/>
      <line num="58" type="stmt" count="1"/>
      <line num="60" type="stmt" count="1"/>
      <line num="61" type="stmt" count="1"/>
      <line num="63" type="stmt" count="1"/>
      <line num="65" type="stmt" count="1"/>
      <line num="67" type="stmt" count="1"/>
      <line num="68" type="stmt" count="1"/>
      <line num="70" type="stmt" count="1"/>
      <line num="76" type="method" name="testQuery" crap="1" count="1"/>
      <line num="78" type="stmt" count="1"/>
      <line num="79" type="stmt" count="1"/>
      <line num="80" type="stmt" count="1"/>
      <line num="82" type="stmt" count="1"/>
      <line num="84" type="stmt" count="1"/>
      <line num="85" type="stmt" count="1"/>
      <line num="90" type="method" name="testExecute" crap="1" count="1"/>
      <line num="92" type="stmt" count="1"/>
      <line num="94" type="stmt" count="1"/>
      <line num="96" type="stmt" count="1"/>
      <line num="97" type="stmt" count="1"/>
      <line num="102" type="method" name="testReset" crap="1" count="1"/>
      <line num="104" type="stmt" count="1"/>
      <line num="106" type="stmt" count="1"/>
      <line num="108" type="stmt" count="1"/>
      <line num="109" type="stmt" count="1"/>
      <metrics loc="111" ncloc="87" classes="1" methods="5" coveredmethods="5" conditionals="0" coveredconditionals="0" statements="25" coveredstatements="25" elements="30" coveredelements="30"/>
    </file>
    <metrics files="2" loc="286" ncloc="217" classes="2" methods="10" coveredmethods="10" conditionals="0" coveredconditionals="0" statements="49" coveredstatements="49" elements="59" coveredelements="59"/>
  </project>
</coverage>
