<?xml version="1.0" encoding="UTF-8"?>
<coverage generated="1426057456">
  <project timestamp="1426057456">
    <file name="/media/sf_lyricfloat/LyricFloat/RapGenius-PHP-master/src/rap_genius_wrapper.php">
      <class name="RapGenius" namespace="global">
        <metrics methods="5" coveredmethods="2" conditionals="0" coveredconditionals="0" statements="24" coveredstatements="5" elements="29" coveredelements="7"/>
      </class>
      <line num="61" type="method" name="__construct" crap="1" count="2"/>
      <line num="64" type="stmt" count="2"/>
      <line num="71" type="method" name="param_q" crap="2" count="2"/>
      <line num="74" type="stmt" count="2"/>
      <line num="76" type="stmt" count="2"/>
      <line num="77" type="stmt" count="2"/>
      <line num="78" type="stmt" count="2"/>
      <line num="99" type="method" name="reset_params" crap="2" count="0"/>
      <line num="102" type="stmt" count="0"/>
      <line num="103" type="stmt" count="0"/>
      <line num="111" type="method" name="execute_request" crap="6" count="0"/>
      <line num="113" type="stmt" count="0"/>
      <line num="115" type="stmt" count="0"/>
      <line num="116" type="stmt" count="0"/>
      <line num="117" type="stmt" count="0"/>
      <line num="118" type="stmt" count="0"/>
      <line num="119" type="stmt" count="0"/>
      <line num="122" type="stmt" count="0"/>
      <line num="124" type="stmt" count="0"/>
      <line num="127" type="stmt" count="0"/>
      <line num="130" type="stmt" count="0"/>
      <line num="148" type="method" name="build_query_url" crap="6" count="0"/>
      <line num="155" type="stmt" count="0"/>
      <line num="158" type="stmt" count="0"/>
      <line num="160" type="stmt" count="0"/>
      <line num="162" type="stmt" count="0"/>
      <line num="163" type="stmt" count="0"/>
      <line num="166" type="stmt" count="0"/>
      <line num="168" type="stmt" count="0"/>
      <metrics loc="175" ncloc="130" classes="1" methods="5" coveredmethods="2" conditionals="0" coveredconditionals="0" statements="24" coveredstatements="5" elements="29" coveredelements="7"/>
    </file>
    <file name="/media/sf_lyricfloat/LyricFloat/RapGenius-PHP-master/src/rapgenius.php">
      <line num="12" type="stmt" count="0"/>
      <line num="14" type="stmt" count="0"/>
      <line num="15" type="stmt" count="0"/>
      <line num="16" type="stmt" count="0"/>
      <line num="17" type="stmt" count="0"/>
      <line num="19" type="stmt" count="0"/>
      <line num="30" type="stmt" count="0"/>
      <line num="32" type="stmt" count="0"/>
      <line num="34" type="stmt" count="0"/>
      <line num="35" type="stmt" count="0"/>
      <line num="36" type="stmt" count="0"/>
      <line num="37" type="stmt" count="0"/>
      <line num="39" type="stmt" count="0"/>
      <line num="40" type="stmt" count="0"/>
      <line num="42" type="stmt" count="0"/>
      <line num="54" type="stmt" count="1"/>
      <line num="56" type="stmt" count="1"/>
      <line num="59" type="stmt" count="1"/>
      <line num="60" type="stmt" count="1"/>
      <line num="63" type="stmt" count="1"/>
      <line num="64" type="stmt" count="1"/>
      <line num="67" type="stmt" count="1"/>
      <line num="112" type="stmt" count="1"/>
      <line num="126" type="stmt" count="1"/>
      <line num="127" type="stmt" count="1"/>
      <line num="129" type="stmt" count="1"/>
      <line num="131" type="stmt" count="1"/>
      <line num="132" type="stmt" count="0"/>
      <line num="135" type="stmt" count="1"/>
      <line num="146" type="stmt" count="1"/>
      <metrics loc="148" ncloc="13" classes="0" methods="0" coveredmethods="0" conditionals="0" coveredconditionals="0" statements="30" coveredstatements="14" elements="30" coveredelements="14"/>
    </file>
    <file name="/media/sf_lyricfloat/LyricFloat/RapGenius-PHP-master/src/simple_html_dom.php">
      <class name="simple_html_dom_node" namespace="global" fullPackage="PlaceLocalInclude" package="PlaceLocalInclude">
        <metrics methods="30" coveredmethods="3" conditionals="0" coveredconditionals="0" statements="483" coveredstatements="149" elements="513" coveredelements="152"/>
      </class>
      <class name="simple_html_dom" namespace="global" fullPackage="PlaceLocalInclude" package="PlaceLocalInclude">
        <metrics methods="27" coveredmethods="12" conditionals="0" coveredconditionals="0" statements="420" coveredstatements="280" elements="447" coveredelements="292"/>
      </class>
      <line num="74" type="stmt" count="1"/>
      <line num="76" type="stmt" count="1"/>
      <line num="79" type="stmt" count="1"/>
      <line num="80" type="stmt" count="1"/>
      <line num="81" type="stmt" count="0"/>
      <line num="84" type="stmt" count="1"/>
      <line num="85" type="stmt" count="1"/>
      <line num="91" type="stmt" count="0"/>
      <line num="92" type="stmt" count="0"/>
      <line num="93" type="stmt" count="0"/>
      <line num="94" type="stmt" count="0"/>
      <line num="95" type="stmt" count="0"/>
      <line num="97" type="stmt" count="0"/>
      <line num="98" type="stmt" count="0"/>
      <line num="104" type="stmt" count="0"/>
      <line num="105" type="stmt" count="0"/>
      <line num="128" type="method" name="__construct" crap="1" count="1"/>
      <line num="130" type="stmt" count="1"/>
      <line num="131" type="stmt" count="1"/>
      <line num="132" type="stmt" count="1"/>
      <line num="134" type="method" name="__destruct" crap="2" count="0"/>
      <line num="136" type="stmt" count="0"/>
      <line num="137" type="stmt" count="0"/>
      <line num="139" type="method" name="__toString" crap="2" count="0"/>
      <line num="141" type="stmt" count="0"/>
      <line num="145" type="method" name="clear" crap="2" count="0"/>
      <line num="147" type="stmt" count="0"/>
      <line num="148" type="stmt" count="0"/>
      <line num="149" type="stmt" count="0"/>
      <line num="150" type="stmt" count="0"/>
      <line num="151" type="stmt" count="0"/>
      <line num="154" type="method" name="dump" crap="42" count="0"/>
      <line num="156" type="stmt" count="0"/>
      <line num="158" type="stmt" count="0"/>
      <line num="159" type="stmt" count="0"/>
      <line num="160" type="stmt" count="0"/>
      <line num="161" type="stmt" count="0"/>
      <line num="162" type="stmt" count="0"/>
      <line num="163" type="stmt" count="0"/>
      <line num="164" type="stmt" count="0"/>
      <line num="165" type="stmt" count="0"/>
      <line num="166" type="stmt" count="0"/>
      <line num="168" type="stmt" count="0"/>
      <line num="169" type="stmt" count="0"/>
      <line num="170" type="stmt" count="0"/>
      <line num="172" type="stmt" count="0"/>
      <line num="173" type="stmt" count="0"/>
      <line num="174" type="stmt" count="0"/>
      <line num="175" type="stmt" count="0"/>
      <line num="179" type="method" name="dump_node" crap="110" count="0"/>
      <line num="182" type="stmt" count="0"/>
      <line num="183" type="stmt" count="0"/>
      <line num="184" type="stmt" count="0"/>
      <line num="185" type="stmt" count="0"/>
      <line num="186" type="stmt" count="0"/>
      <line num="188" type="stmt" count="0"/>
      <line num="189" type="stmt" count="0"/>
      <line num="190" type="stmt" count="0"/>
      <line num="191" type="stmt" count="0"/>
      <line num="192" type="stmt" count="0"/>
      <line num="193" type="stmt" count="0"/>
      <line num="194" type="stmt" count="0"/>
      <line num="195" type="stmt" count="0"/>
      <line num="197" type="stmt" count="0"/>
      <line num="198" type="stmt" count="0"/>
      <line num="199" type="stmt" count="0"/>
      <line num="200" type="stmt" count="0"/>
      <line num="202" type="stmt" count="0"/>
      <line num="203" type="stmt" count="0"/>
      <line num="204" type="stmt" count="0"/>
      <line num="205" type="stmt" count="0"/>
      <line num="206" type="stmt" count="0"/>
      <line num="208" type="stmt" count="0"/>
      <line num="209" type="stmt" count="0"/>
      <line num="210" type="stmt" count="0"/>
      <line num="212" type="stmt" count="0"/>
      <line num="213" type="stmt" count="0"/>
      <line num="214" type="stmt" count="0"/>
      <line num="215" type="stmt" count="0"/>
      <line num="217" type="stmt" count="0"/>
      <line num="218" type="stmt" count="0"/>
      <line num="219" type="stmt" count="0"/>
      <line num="220" type="stmt" count="0"/>
      <line num="221" type="stmt" count="0"/>
      <line num="224" type="stmt" count="0"/>
      <line num="227" type="stmt" count="0"/>
      <line num="228" type="stmt" count="0"/>
      <line num="229" type="stmt" count="0"/>
      <line num="230" type="stmt" count="0"/>
      <line num="233" type="stmt" count="0"/>
      <line num="234" type="stmt" count="0"/>
      <line num="235" type="stmt" count="0"/>
      <line num="239" type="stmt" count="0"/>
      <line num="245" type="method" name="parent" crap="6" count="0"/>
      <line num="249" type="stmt" count="0"/>
      <line num="250" type="stmt" count="0"/>
      <line num="251" type="stmt" count="0"/>
      <line num="252" type="stmt" count="0"/>
      <line num="253" type="stmt" count="0"/>
      <line num="254" type="stmt" count="0"/>
      <line num="256" type="stmt" count="0"/>
      <line num="260" type="method" name="has_child" crap="2" count="0"/>
      <line num="262" type="stmt" count="0"/>
      <line num="266" type="method" name="children" crap="12" count="0"/>
      <line num="268" type="stmt" count="0"/>
      <line num="269" type="stmt" count="0"/>
      <line num="270" type="stmt" count="0"/>
      <line num="272" type="stmt" count="0"/>
      <line num="273" type="stmt" count="0"/>
      <line num="274" type="stmt" count="0"/>
      <line num="276" type="stmt" count="0"/>
      <line num="280" type="method" name="first_child" crap="6" count="0"/>
      <line num="282" type="stmt" count="0"/>
      <line num="283" type="stmt" count="0"/>
      <line num="284" type="stmt" count="0"/>
      <line num="286" type="stmt" count="0"/>
      <line num="290" type="method" name="last_child" crap="6" count="0"/>
      <line num="292" type="stmt" count="0"/>
      <line num="293" type="stmt" count="0"/>
      <line num="294" type="stmt" count="0"/>
      <line num="296" type="stmt" count="0"/>
      <line num="300" type="method" name="next_sibling" crap="30" count="0"/>
      <line num="302" type="stmt" count="0"/>
      <line num="303" type="stmt" count="0"/>
      <line num="304" type="stmt" count="0"/>
      <line num="307" type="stmt" count="0"/>
      <line num="308" type="stmt" count="0"/>
      <line num="309" type="stmt" count="0"/>
      <line num="311" type="stmt" count="0"/>
      <line num="312" type="stmt" count="0"/>
      <line num="313" type="stmt" count="0"/>
      <line num="314" type="stmt" count="0"/>
      <line num="315" type="stmt" count="0"/>
      <line num="317" type="stmt" count="0"/>
      <line num="321" type="method" name="prev_sibling" crap="30" count="0"/>
      <line num="323" type="stmt" count="0"/>
      <line num="324" type="stmt" count="0"/>
      <line num="325" type="stmt" count="0"/>
      <line num="326" type="stmt" count="0"/>
      <line num="327" type="stmt" count="0"/>
      <line num="328" type="stmt" count="0"/>
      <line num="329" type="stmt" count="0"/>
      <line num="333" type="method" name="find_ancestor_tag" crap="30" count="0"/>
      <line num="335" type="stmt" count="0"/>
      <line num="336" type="stmt" count="0"/>
      <line num="339" type="stmt" count="0"/>
      <line num="341" type="stmt" count="0"/>
      <line num="343" type="stmt" count="0"/>
      <line num="345" type="stmt" count="0"/>
      <line num="346" type="stmt" count="0"/>
      <line num="347" type="stmt" count="0"/>
      <line num="349" type="stmt" count="0"/>
      <line num="350" type="stmt" count="0"/>
      <line num="351" type="stmt" count="0"/>
      <line num="355" type="method" name="innertext" crap="20" count="0"/>
      <line num="357" type="stmt" count="0"/>
      <line num="358" type="stmt" count="0"/>
      <line num="360" type="stmt" count="0"/>
      <line num="361" type="stmt" count="0"/>
      <line num="362" type="stmt" count="0"/>
      <line num="363" type="stmt" count="0"/>
      <line num="367" type="method" name="outertext" crap="306" count="0"/>
      <line num="369" type="stmt" count="0"/>
      <line num="370" type="stmt" count="0"/>
      <line num="371" type="stmt" count="0"/>
      <line num="372" type="stmt" count="0"/>
      <line num="373" type="stmt" count="0"/>
      <line num="374" type="stmt" count="0"/>
      <line num="375" type="stmt" count="0"/>
      <line num="376" type="stmt" count="0"/>
      <line num="377" type="stmt" count="0"/>
      <line num="378" type="stmt" count="0"/>
      <line num="379" type="stmt" count="0"/>
      <line num="380" type="stmt" count="0"/>
      <line num="381" type="stmt" count="0"/>
      <line num="383" type="stmt" count="0"/>
      <line num="386" type="stmt" count="0"/>
      <line num="387" type="stmt" count="0"/>
      <line num="388" type="stmt" count="0"/>
      <line num="389" type="stmt" count="0"/>
      <line num="391" type="stmt" count="0"/>
      <line num="392" type="stmt" count="0"/>
      <line num="395" type="stmt" count="0"/>
      <line num="396" type="stmt" count="0"/>
      <line num="397" type="stmt" count="0"/>
      <line num="398" type="stmt" count="0"/>
      <line num="399" type="stmt" count="0"/>
      <line num="403" type="stmt" count="0"/>
      <line num="404" type="stmt" count="0"/>
      <line num="406" type="stmt" count="0"/>
      <line num="407" type="stmt" count="0"/>
      <line num="408" type="stmt" count="0"/>
      <line num="409" type="stmt" count="0"/>
      <line num="410" type="stmt" count="0"/>
      <line num="411" type="stmt" count="0"/>
      <line num="412" type="stmt" count="0"/>
      <line num="413" type="stmt" count="0"/>
      <line num="415" type="stmt" count="0"/>
      <line num="416" type="stmt" count="0"/>
      <line num="417" type="stmt" count="0"/>
      <line num="421" type="stmt" count="0"/>
      <line num="422" type="stmt" count="0"/>
      <line num="423" type="stmt" count="0"/>
      <line num="427" type="method" name="text" crap="10" count="1"/>
      <line num="429" type="stmt" count="1"/>
      <line num="430" type="stmt" count="1"/>
      <line num="432" type="stmt" count="1"/>
      <line num="433" type="stmt" count="1"/>
      <line num="434" type="stmt" count="1"/>
      <line num="435" type="stmt" count="1"/>
      <line num="436" type="stmt" count="1"/>
      <line num="437" type="stmt" count="1"/>
      <line num="439" type="stmt" count="1"/>
      <line num="443" type="stmt" count="1"/>
      <line num="444" type="stmt" count="1"/>
      <line num="445" type="stmt" count="1"/>
      <line num="447" type="stmt" count="1"/>
      <line num="448" type="stmt" count="1"/>
      <line num="451" type="stmt" count="1"/>
      <line num="452" type="stmt" count="1"/>
      <line num="453" type="stmt" count="1"/>
      <line num="454" type="stmt" count="1"/>
      <line num="457" type="stmt" count="1"/>
      <line num="458" type="stmt" count="1"/>
      <line num="461" type="method" name="xmltext" crap="2" count="0"/>
      <line num="463" type="stmt" count="0"/>
      <line num="464" type="stmt" count="0"/>
      <line num="465" type="stmt" count="0"/>
      <line num="466" type="stmt" count="0"/>
      <line num="470" type="method" name="makeup" crap="72" count="0"/>
      <line num="473" type="stmt" count="0"/>
      <line num="475" type="stmt" count="0"/>
      <line num="476" type="stmt" count="0"/>
      <line num="478" type="stmt" count="0"/>
      <line num="480" type="stmt" count="0"/>
      <line num="483" type="stmt" count="0"/>
      <line num="484" type="stmt" count="0"/>
      <line num="486" type="stmt" count="0"/>
      <line num="488" type="stmt" count="0"/>
      <line num="489" type="stmt" count="0"/>
      <line num="491" type="stmt" count="0"/>
      <line num="493" type="stmt" count="0"/>
      <line num="494" type="stmt" count="0"/>
      <line num="495" type="stmt" count="0"/>
      <line num="496" type="stmt" count="0"/>
      <line num="497" type="stmt" count="0"/>
      <line num="499" type="stmt" count="0"/>
      <line num="500" type="stmt" count="0"/>
      <line num="501" type="stmt" count="0"/>
      <line num="506" type="method" name="find" crap="14" count="1"/>
      <line num="508" type="stmt" count="1"/>
      <line num="509" type="stmt" count="1"/>
      <line num="510" type="stmt" count="1"/>
      <line num="513" type="stmt" count="1"/>
      <line num="517" type="stmt" count="1"/>
      <line num="518" type="stmt" count="1"/>
      <line num="520" type="stmt" count="1"/>
      <line num="523" type="stmt" count="1"/>
      <line num="525" type="stmt" count="1"/>
      <line num="526" type="stmt" count="1"/>
      <line num="528" type="stmt" count="1"/>
      <line num="530" type="stmt" count="1"/>
      <line num="531" type="stmt" count="1"/>
      <line num="532" type="stmt" count="1"/>
      <line num="533" type="stmt" count="1"/>
      <line num="535" type="stmt" count="1"/>
      <line num="537" type="stmt" count="1"/>
      <line num="538" type="stmt" count="1"/>
      <line num="539" type="stmt" count="1"/>
      <line num="540" type="stmt" count="1"/>
      <line num="541" type="stmt" count="1"/>
      <line num="542" type="stmt" count="1"/>
      <line num="545" type="stmt" count="1"/>
      <line num="547" type="stmt" count="1"/>
      <line num="548" type="stmt" count="1"/>
      <line num="549" type="stmt" count="1"/>
      <line num="552" type="stmt" count="1"/>
      <line num="553" type="stmt" count="1"/>
      <line num="554" type="stmt" count="1"/>
      <line num="559" type="method" name="seek" crap="149.22" count="1"/>
      <line num="561" type="stmt" count="1"/>
      <line num="562" type="stmt" count="1"/>
      <line num="564" type="stmt" count="1"/>
      <line num="567" type="stmt" count="1"/>
      <line num="568" type="stmt" count="1"/>
      <line num="569" type="stmt" count="0"/>
      <line num="570" type="stmt" count="0"/>
      <line num="572" type="stmt" count="0"/>
      <line num="573" type="stmt" count="0"/>
      <line num="574" type="stmt" count="0"/>
      <line num="575" type="stmt" count="0"/>
      <line num="577" type="stmt" count="0"/>
      <line num="578" type="stmt" count="0"/>
      <line num="579" type="stmt" count="0"/>
      <line num="582" type="stmt" count="1"/>
      <line num="583" type="stmt" count="1"/>
      <line num="584" type="stmt" count="0"/>
      <line num="585" type="stmt" count="0"/>
      <line num="586" type="stmt" count="0"/>
      <line num="587" type="stmt" count="0"/>
      <line num="588" type="stmt" count="0"/>
      <line num="589" type="stmt" count="0"/>
      <line num="590" type="stmt" count="0"/>
      <line num="592" type="stmt" count="1"/>
      <line num="593" type="stmt" count="1"/>
      <line num="595" type="stmt" count="1"/>
      <line num="597" type="stmt" count="1"/>
      <line num="598" type="stmt" count="0"/>
      <line num="599" type="stmt" count="0"/>
      <line num="600" type="stmt" count="0"/>
      <line num="604" type="stmt" count="1"/>
      <line num="606" type="stmt" count="1"/>
      <line num="607" type="stmt" count="1"/>
      <line num="608" type="stmt" count="0"/>
      <line num="609" type="stmt" count="0"/>
      <line num="610" type="stmt" count="1"/>
      <line num="612" type="stmt" count="1"/>
      <line num="614" type="stmt" count="1"/>
      <line num="616" type="stmt" count="1"/>
      <line num="618" type="stmt" count="0"/>
      <line num="619" type="stmt" count="0"/>
      <line num="621" type="stmt" count="1"/>
      <line num="623" type="stmt" count="1"/>
      <line num="626" type="stmt" count="1"/>
      <line num="627" type="stmt" count="1"/>
      <line num="628" type="stmt" count="1"/>
      <line num="629" type="stmt" count="1"/>
      <line num="631" type="stmt" count="1"/>
      <line num="634" type="stmt" count="1"/>
      <line num="635" type="stmt" count="1"/>
      <line num="637" type="stmt" count="1"/>
      <line num="638" type="stmt" count="1"/>
      <line num="639" type="stmt" count="0"/>
      <line num="640" type="stmt" count="0"/>
      <line num="641" type="stmt" count="1"/>
      <line num="643" type="stmt" count="1"/>
      <line num="644" type="stmt" count="1"/>
      <line num="645" type="stmt" count="1"/>
      <line num="646" type="stmt" count="1"/>
      <line num="647" type="stmt" count="1"/>
      <line num="648" type="stmt" count="1"/>
      <line num="649" type="stmt" count="1"/>
      <line num="650" type="stmt" count="1"/>
      <line num="651" type="stmt" count="1"/>
      <line num="653" type="stmt" count="1"/>
      <line num="654" type="stmt" count="1"/>
      <line num="656" type="method" name="match" crap="33.24" count="1"/>
      <line num="657" type="stmt" count="1"/>
      <line num="658" type="stmt" count="1"/>
      <line num="661" type="stmt" count="1"/>
      <line num="662" type="stmt" count="1"/>
      <line num="663" type="stmt" count="0"/>
      <line num="664" type="stmt" count="0"/>
      <line num="665" type="stmt" count="0"/>
      <line num="666" type="stmt" count="0"/>
      <line num="667" type="stmt" count="0"/>
      <line num="668" type="stmt" count="0"/>
      <line num="669" type="stmt" count="0"/>
      <line num="670" type="stmt" count="0"/>
      <line num="671" type="stmt" count="0"/>
      <line num="673" type="stmt" count="0"/>
      <line num="675" type="stmt" count="0"/>
      <line num="678" type="method" name="parse_selector" crap="18.40" count="1"/>
      <line num="679" type="stmt" count="1"/>
      <line num="680" type="stmt" count="1"/>
      <line num="689" type="stmt" count="1"/>
      <line num="690" type="stmt" count="1"/>
      <line num="691" type="stmt" count="1"/>
      <line num="693" type="stmt" count="1"/>
      <line num="694" type="stmt" count="1"/>
      <line num="697" type="stmt" count="1"/>
      <line num="698" type="stmt" count="1"/>
      <line num="699" type="stmt" count="1"/>
      <line num="701" type="stmt" count="1"/>
      <line num="703" type="stmt" count="1"/>
      <line num="704" type="stmt" count="1"/>
      <line num="705" type="stmt" count="1"/>
      <line num="706" type="stmt" count="1"/>
      <line num="707" type="stmt" count="1"/>
      <line num="708" type="stmt" count="1"/>
      <line num="711" type="stmt" count="1"/>
      <line num="713" type="stmt" count="1"/>
      <line num="715" type="stmt" count="1"/>
      <line num="716" type="stmt" count="1"/>
      <line num="717" type="stmt" count="0"/>
      <line num="718" type="stmt" count="0"/>
      <line num="719" type="stmt" count="0"/>
      <line num="720" type="stmt" count="1"/>
      <line num="721" type="stmt" count="1"/>
      <line num="722" type="stmt" count="1"/>
      <line num="723" type="stmt" count="1"/>
      <line num="726" type="method" name="__get" crap="7.33" count="1"/>
      <line num="728" type="stmt" count="1"/>
      <line num="729" type="stmt" count="1"/>
      <line num="730" type="stmt" count="1"/>
      <line num="734" type="stmt" count="1"/>
      <line num="735" type="stmt" count="1"/>
      <line num="736" type="stmt" count="1"/>
      <line num="737" type="stmt" count="0"/>
      <line num="738" type="stmt" count="0"/>
      <line num="739" type="stmt" count="0"/>
      <line num="742" type="method" name="__set" crap="42" count="0"/>
      <line num="744" type="stmt" count="0"/>
      <line num="745" type="stmt" count="0"/>
      <line num="749" type="stmt" count="0"/>
      <line num="750" type="stmt" count="0"/>
      <line num="751" type="stmt" count="0"/>
      <line num="752" type="stmt" count="0"/>
      <line num="754" type="stmt" count="0"/>
      <line num="755" type="stmt" count="0"/>
      <line num="756" type="stmt" count="0"/>
      <line num="757" type="stmt" count="0"/>
      <line num="758" type="stmt" count="0"/>
      <line num="759" type="stmt" count="0"/>
      <line num="760" type="stmt" count="0"/>
      <line num="762" type="method" name="__isset" crap="30" count="0"/>
      <line num="766" type="stmt" count="0"/>
      <line num="767" type="stmt" count="0"/>
      <line num="768" type="stmt" count="0"/>
      <line num="771" type="stmt" count="0"/>
      <line num="774" type="method" name="__unset" crap="6" count="0"/>
      <line num="775" type="stmt" count="0"/>
      <line num="776" type="stmt" count="0"/>
      <line num="777" type="stmt" count="0"/>
      <line num="780" type="method" name="convert_text" crap="16.83" count="1"/>
      <line num="782" type="stmt" count="1"/>
      <line num="783" type="stmt" count="1"/>
      <line num="785" type="stmt" count="1"/>
      <line num="787" type="stmt" count="1"/>
      <line num="788" type="stmt" count="1"/>
      <line num="790" type="stmt" count="1"/>
      <line num="791" type="stmt" count="1"/>
      <line num="792" type="stmt" count="1"/>
      <line num="793" type="stmt" count="1"/>
      <line num="794" type="stmt" count="1"/>
      <line num="795" type="stmt" count="1"/>
      <line num="797" type="stmt" count="1"/>
      <line num="798" type="stmt" count="1"/>
      <line num="800" type="stmt" count="0"/>
      <line num="801" type="stmt" count="0"/>
      <line num="802" type="stmt" count="0"/>
      <line num="803" type="stmt" count="0"/>
      <line num="806" type="stmt" count="0"/>
      <line num="808" type="stmt" count="0"/>
      <line num="811" type="stmt" count="1"/>
      <line num="812" type="stmt" count="1"/>
      <line num="813" type="stmt" count="1"/>
      <line num="814" type="stmt" count="1"/>
      <line num="815" type="stmt" count="0"/>
      <line num="816" type="stmt" count="0"/>
      <line num="817" type="stmt" count="1"/>
      <line num="818" type="stmt" count="1"/>
      <line num="819" type="stmt" count="0"/>
      <line num="820" type="stmt" count="0"/>
      <line num="821" type="stmt" count="1"/>
      <line num="823" type="stmt" count="1"/>
      <line num="832" type="method" name="is_utf8" crap="182" count="0"/>
      <line num="834" type="stmt" count="0"/>
      <line num="835" type="stmt" count="0"/>
      <line num="836" type="stmt" count="0"/>
      <line num="837" type="stmt" count="0"/>
      <line num="839" type="stmt" count="0"/>
      <line num="840" type="stmt" count="0"/>
      <line num="841" type="stmt" count="0"/>
      <line num="842" type="stmt" count="0"/>
      <line num="843" type="stmt" count="0"/>
      <line num="844" type="stmt" count="0"/>
      <line num="845" type="stmt" count="0"/>
      <line num="846" type="stmt" count="0"/>
      <line num="847" type="stmt" count="0"/>
      <line num="848" type="stmt" count="0"/>
      <line num="849" type="stmt" count="0"/>
      <line num="850" type="stmt" count="0"/>
      <line num="852" type="stmt" count="0"/>
      <line num="853" type="stmt" count="0"/>
      <line num="854" type="stmt" count="0"/>
      <line num="855" type="stmt" count="0"/>
      <line num="856" type="stmt" count="0"/>
      <line num="857" type="stmt" count="0"/>
      <line num="858" type="stmt" count="0"/>
      <line num="859" type="stmt" count="0"/>
      <line num="877" type="method" name="get_display_size" crap="210" count="0"/>
      <line num="879" type="stmt" count="0"/>
      <line num="881" type="stmt" count="0"/>
      <line num="882" type="stmt" count="0"/>
      <line num="884" type="stmt" count="0"/>
      <line num="885" type="stmt" count="0"/>
      <line num="886" type="stmt" count="0"/>
      <line num="890" type="stmt" count="0"/>
      <line num="891" type="stmt" count="0"/>
      <line num="892" type="stmt" count="0"/>
      <line num="893" type="stmt" count="0"/>
      <line num="895" type="stmt" count="0"/>
      <line num="896" type="stmt" count="0"/>
      <line num="897" type="stmt" count="0"/>
      <line num="898" type="stmt" count="0"/>
      <line num="901" type="stmt" count="0"/>
      <line num="902" type="stmt" count="0"/>
      <line num="904" type="stmt" count="0"/>
      <line num="905" type="stmt" count="0"/>
      <line num="906" type="stmt" count="0"/>
      <line num="907" type="stmt" count="0"/>
      <line num="908" type="stmt" count="0"/>
      <line num="911" type="stmt" count="0"/>
      <line num="912" type="stmt" count="0"/>
      <line num="914" type="stmt" count="0"/>
      <line num="915" type="stmt" count="0"/>
      <line num="916" type="stmt" count="0"/>
      <line num="918" type="stmt" count="0"/>
      <line num="919" type="stmt" count="0"/>
      <line num="920" type="stmt" count="0"/>
      <line num="921" type="stmt" count="0"/>
      <line num="922" type="stmt" count="0"/>
      <line num="923" type="stmt" count="0"/>
      <line num="926" type="stmt" count="0"/>
      <line num="927" type="stmt" count="0"/>
      <line num="929" type="stmt" count="0"/>
      <line num="930" type="stmt" count="0"/>
      <line num="931" type="stmt" count="0"/>
      <line num="933" type="stmt" count="0"/>
      <line num="934" type="stmt" count="0"/>
      <line num="935" type="stmt" count="0"/>
      <line num="936" type="stmt" count="0"/>
      <line num="937" type="stmt" count="0"/>
      <line num="938" type="stmt" count="0"/>
      <line num="940" type="stmt" count="0"/>
      <line num="952" type="stmt" count="0"/>
      <line num="953" type="stmt" count="0"/>
      <line num="954" type="stmt" count="0"/>
      <line num="1031" type="method" name="__construct" crap="12.41" count="1"/>
      <line num="1034" type="stmt" count="1"/>
      <line num="1035" type="stmt" count="0"/>
      <line num="1036" type="stmt" count="0"/>
      <line num="1037" type="stmt" count="0"/>
      <line num="1038" type="stmt" count="0"/>
      <line num="1041" type="stmt" count="0"/>
      <line num="1043" type="stmt" count="0"/>
      <line num="1045" type="stmt" count="1"/>
      <line num="1046" type="stmt" count="0"/>
      <line num="1047" type="stmt" count="0"/>
      <line num="1048" type="stmt" count="1"/>
      <line num="1049" type="stmt" count="1"/>
      <line num="1051" type="method" name="__destruct" crap="2" count="0"/>
      <line num="1053" type="stmt" count="0"/>
      <line num="1054" type="stmt" count="0"/>
      <line num="1057" type="method" name="load" crap="2" count="1"/>
      <line num="1059" type="stmt" count="1"/>
      <line num="1062" type="stmt" count="1"/>
      <line num="1064" type="stmt" count="1"/>
      <line num="1066" type="stmt" count="1"/>
      <line num="1070" type="stmt" count="1"/>
      <line num="1071" type="stmt" count="1"/>
      <line num="1073" type="stmt" count="1"/>
      <line num="1074" type="stmt" count="1"/>
      <line num="1076" type="stmt" count="1"/>
      <line num="1078" type="stmt" count="1"/>
      <line num="1080" type="stmt" count="1"/>
      <line num="1083" type="stmt" count="1"/>
      <line num="1085" type="stmt" count="1"/>
      <line num="1086" type="stmt" count="1"/>
      <line num="1089" type="stmt" count="1"/>
      <line num="1094" type="method" name="load_file" crap="6" count="0"/>
      <line num="1096" type="stmt" count="0"/>
      <line num="1097" type="stmt" count="0"/>
      <line num="1099" type="stmt" count="0"/>
      <line num="1100" type="stmt" count="0"/>
      <line num="1101" type="stmt" count="0"/>
      <line num="1103" type="stmt" count="0"/>
      <line num="1106" type="method" name="set_callback" crap="2" count="0"/>
      <line num="1108" type="stmt" count="0"/>
      <line num="1109" type="stmt" count="0"/>
      <line num="1112" type="method" name="remove_callback" crap="2" count="0"/>
      <line num="1114" type="stmt" count="0"/>
      <line num="1115" type="stmt" count="0"/>
      <line num="1118" type="method" name="save" crap="6" count="0"/>
      <line num="1120" type="stmt" count="0"/>
      <line num="1121" type="stmt" count="0"/>
      <line num="1122" type="stmt" count="0"/>
      <line num="1127" type="method" name="find" crap="1" count="1"/>
      <line num="1129" type="stmt" count="1"/>
      <line num="1133" type="method" name="clear" crap="6" count="1"/>
      <line num="1135" type="stmt" count="1"/>
      <line num="1137" type="stmt" count="1"/>
      <line num="1138" type="stmt" count="1"/>
      <line num="1139" type="stmt" count="1"/>
      <line num="1140" type="stmt" count="1"/>
      <line num="1141" type="stmt" count="1"/>
      <line num="1142" type="stmt" count="1"/>
      <line num="1144" type="method" name="dump" crap="2" count="0"/>
      <line num="1146" type="stmt" count="0"/>
      <line num="1147" type="stmt" count="0"/>
      <line num="1150" type="method" name="prepare" crap="3" count="1"/>
      <line num="1152" type="stmt" count="1"/>
      <line num="1155" type="stmt" count="1"/>
      <line num="1157" type="stmt" count="1"/>
      <line num="1160" type="stmt" count="1"/>
      <line num="1161" type="stmt" count="1"/>
      <line num="1162" type="stmt" count="1"/>
      <line num="1165" type="stmt" count="1"/>
      <line num="1166" type="stmt" count="1"/>
      <line num="1168" type="stmt" count="1"/>
      <line num="1169" type="stmt" count="1"/>
      <line num="1170" type="stmt" count="1"/>
      <line num="1171" type="stmt" count="1"/>
      <line num="1172" type="stmt" count="1"/>
      <line num="1173" type="stmt" count="1"/>
      <line num="1174" type="stmt" count="1"/>
      <line num="1175" type="stmt" count="1"/>
      <line num="1176" type="stmt" count="1"/>
      <line num="1177" type="stmt" count="1"/>
      <line num="1178" type="stmt" count="1"/>
      <line num="1179" type="stmt" count="1"/>
      <line num="1180" type="stmt" count="1"/>
      <line num="1181" type="stmt" count="1"/>
      <line num="1182" type="stmt" count="1"/>
      <line num="1185" type="method" name="parse" crap="2" count="1"/>
      <line num="1187" type="stmt" count="1"/>
      <line num="1188" type="stmt" count="1"/>
      <line num="1189" type="stmt" count="1"/>
      <line num="1193" type="stmt" count="1"/>
      <line num="1194" type="stmt" count="1"/>
      <line num="1195" type="stmt" count="1"/>
      <line num="1196" type="stmt" count="1"/>
      <line num="1197" type="stmt" count="1"/>
      <line num="1203" type="method" name="parse_charset" crap="64.24" count="1"/>
      <line num="1205" type="stmt" count="1"/>
      <line num="1207" type="stmt" count="1"/>
      <line num="1209" type="stmt" count="1"/>
      <line num="1210" type="stmt" count="1"/>
      <line num="1211" type="stmt" count="0"/>
      <line num="1212" type="stmt" count="0"/>
      <line num="1214" type="stmt" count="0"/>
      <line num="1215" type="stmt" count="0"/>
      <line num="1216" type="stmt" count="0"/>
      <line num="1217" type="stmt" count="0"/>
      <line num="1219" type="stmt" count="0"/>
      <line num="1221" type="stmt" count="1"/>
      <line num="1222" type="stmt" count="1"/>
      <line num="1223" type="stmt" count="1"/>
      <line num="1224" type="stmt" count="1"/>
      <line num="1225" type="stmt" count="1"/>
      <line num="1226" type="stmt" count="1"/>
      <line num="1227" type="stmt" count="1"/>
      <line num="1229" type="stmt" count="1"/>
      <line num="1230" type="stmt" count="1"/>
      <line num="1231" type="stmt" count="1"/>
      <line num="1233" type="stmt" count="1"/>
      <line num="1234" type="stmt" count="1"/>
      <line num="1235" type="stmt" count="1"/>
      <line num="1239" type="stmt" count="0"/>
      <line num="1240" type="stmt" count="0"/>
      <line num="1242" type="stmt" count="1"/>
      <line num="1243" type="stmt" count="1"/>
      <line num="1244" type="stmt" count="1"/>
      <line num="1247" type="stmt" count="1"/>
      <line num="1248" type="stmt" count="1"/>
      <line num="1250" type="stmt" count="0"/>
      <line num="1251" type="stmt" count="0"/>
      <line num="1252" type="stmt" count="0"/>
      <line num="1254" type="stmt" count="0"/>
      <line num="1255" type="stmt" count="0"/>
      <line num="1256" type="stmt" count="0"/>
      <line num="1259" type="stmt" count="0"/>
      <line num="1260" type="stmt" count="0"/>
      <line num="1261" type="stmt" count="0"/>
      <line num="1262" type="stmt" count="0"/>
      <line num="1263" type="stmt" count="0"/>
      <line num="1264" type="stmt" count="0"/>
      <line num="1267" type="stmt" count="1"/>
      <line num="1268" type="stmt" count="1"/>
      <line num="1269" type="stmt" count="0"/>
      <line num="1270" type="stmt" count="0"/>
      <line num="1271" type="stmt" count="0"/>
      <line num="1273" type="stmt" count="1"/>
      <line num="1275" type="stmt" count="1"/>
      <line num="1279" type="method" name="read_tag" crap="177.33" count="1"/>
      <line num="1281" type="stmt" count="1"/>
      <line num="1282" type="stmt" count="1"/>
      <line num="1283" type="stmt" count="1"/>
      <line num="1284" type="stmt" count="1"/>
      <line num="1286" type="stmt" count="1"/>
      <line num="1287" type="stmt" count="1"/>
      <line num="1290" type="stmt" count="1"/>
      <line num="1291" type="stmt" count="1"/>
      <line num="1292" type="stmt" count="1"/>
      <line num="1295" type="stmt" count="1"/>
      <line num="1296" type="stmt" count="1"/>
      <line num="1299" type="stmt" count="1"/>
      <line num="1300" type="stmt" count="1"/>
      <line num="1302" type="stmt" count="1"/>
      <line num="1303" type="stmt" count="1"/>
      <line num="1305" type="stmt" count="1"/>
      <line num="1306" type="stmt" count="1"/>
      <line num="1307" type="stmt" count="1"/>
      <line num="1308" type="stmt" count="1"/>
      <line num="1309" type="stmt" count="1"/>
      <line num="1310" type="stmt" count="1"/>
      <line num="1312" type="stmt" count="1"/>
      <line num="1313" type="stmt" count="1"/>
      <line num="1315" type="stmt" count="1"/>
      <line num="1316" type="stmt" count="0"/>
      <line num="1317" type="stmt" count="0"/>
      <line num="1318" type="stmt" count="0"/>
      <line num="1319" type="stmt" count="0"/>
      <line num="1321" type="stmt" count="1"/>
      <line num="1322" type="stmt" count="1"/>
      <line num="1323" type="stmt" count="1"/>
      <line num="1324" type="stmt" count="0"/>
      <line num="1325" type="stmt" count="0"/>
      <line num="1327" type="stmt" count="0"/>
      <line num="1328" type="stmt" count="0"/>
      <line num="1330" type="stmt" count="0"/>
      <line num="1331" type="stmt" count="0"/>
      <line num="1332" type="stmt" count="0"/>
      <line num="1333" type="stmt" count="0"/>
      <line num="1334" type="stmt" count="0"/>
      <line num="1336" type="stmt" count="0"/>
      <line num="1337" type="stmt" count="1"/>
      <line num="1338" type="stmt" count="1"/>
      <line num="1339" type="stmt" count="0"/>
      <line num="1340" type="stmt" count="0"/>
      <line num="1341" type="stmt" count="0"/>
      <line num="1343" type="stmt" count="1"/>
      <line num="1344" type="stmt" count="1"/>
      <line num="1346" type="stmt" count="1"/>
      <line num="1347" type="stmt" count="1"/>
      <line num="1349" type="stmt" count="1"/>
      <line num="1350" type="stmt" count="1"/>
      <line num="1353" type="stmt" count="1"/>
      <line num="1354" type="stmt" count="1"/>
      <line num="1355" type="stmt" count="1"/>
      <line num="1356" type="stmt" count="1"/>
      <line num="1357" type="stmt" count="1"/>
      <line num="1360" type="stmt" count="1"/>
      <line num="1361" type="stmt" count="1"/>
      <line num="1363" type="stmt" count="1"/>
      <line num="1364" type="stmt" count="1"/>
      <line num="1365" type="stmt" count="1"/>
      <line num="1366" type="stmt" count="1"/>
      <line num="1367" type="stmt" count="1"/>
      <line num="1368" type="stmt" count="1"/>
      <line num="1370" type="stmt" count="1"/>
      <line num="1371" type="stmt" count="1"/>
      <line num="1372" type="stmt" count="1"/>
      <line num="1373" type="stmt" count="1"/>
      <line num="1377" type="stmt" count="1"/>
      <line num="1378" type="stmt" count="0"/>
      <line num="1379" type="stmt" count="0"/>
      <line num="1380" type="stmt" count="0"/>
      <line num="1381" type="stmt" count="0"/>
      <line num="1382" type="stmt" count="0"/>
      <line num="1385" type="stmt" count="1"/>
      <line num="1386" type="stmt" count="0"/>
      <line num="1387" type="stmt" count="0"/>
      <line num="1388" type="stmt" count="0"/>
      <line num="1389" type="stmt" count="0"/>
      <line num="1392" type="stmt" count="0"/>
      <line num="1393" type="stmt" count="0"/>
      <line num="1394" type="stmt" count="0"/>
      <line num="1395" type="stmt" count="0"/>
      <line num="1399" type="stmt" count="1"/>
      <line num="1400" type="stmt" count="1"/>
      <line num="1401" type="stmt" count="1"/>
      <line num="1404" type="stmt" count="1"/>
      <line num="1405" type="stmt" count="1"/>
      <line num="1406" type="stmt" count="1"/>
      <line num="1408" type="stmt" count="0"/>
      <line num="1409" type="stmt" count="0"/>
      <line num="1410" type="stmt" count="0"/>
      <line num="1411" type="stmt" count="1"/>
      <line num="1412" type="stmt" count="1"/>
      <line num="1414" type="stmt" count="1"/>
      <line num="1415" type="stmt" count="1"/>
      <line num="1420" type="stmt" count="1"/>
      <line num="1421" type="stmt" count="1"/>
      <line num="1422" type="stmt" count="1"/>
      <line num="1424" type="stmt" count="1"/>
      <line num="1425" type="stmt" count="1"/>
      <line num="1426" type="stmt" count="1"/>
      <line num="1427" type="stmt" count="0"/>
      <line num="1428" type="stmt" count="0"/>
      <line num="1430" type="stmt" count="1"/>
      <line num="1433" type="stmt" count="1"/>
      <line num="1434" type="stmt" count="0"/>
      <line num="1435" type="stmt" count="0"/>
      <line num="1436" type="stmt" count="0"/>
      <line num="1437" type="stmt" count="0"/>
      <line num="1438" type="stmt" count="0"/>
      <line num="1439" type="stmt" count="0"/>
      <line num="1443" type="stmt" count="1"/>
      <line num="1444" type="stmt" count="0"/>
      <line num="1445" type="stmt" count="0"/>
      <line num="1446" type="stmt" count="0"/>
      <line num="1447" type="stmt" count="0"/>
      <line num="1448" type="stmt" count="0"/>
      <line num="1449" type="stmt" count="0"/>
      <line num="1450" type="stmt" count="0"/>
      <line num="1451" type="stmt" count="0"/>
      <line num="1452" type="stmt" count="0"/>
      <line num="1455" type="stmt" count="1"/>
      <line num="1456" type="stmt" count="1"/>
      <line num="1457" type="stmt" count="1"/>
      <line num="1458" type="stmt" count="1"/>
      <line num="1459" type="stmt" count="1"/>
      <line num="1460" type="stmt" count="1"/>
      <line num="1461" type="stmt" count="1"/>
      <line num="1462" type="stmt" count="1"/>
      <line num="1465" type="stmt" count="1"/>
      <line num="1466" type="stmt" count="1"/>
      <line num="1467" type="stmt" count="1"/>
      <line num="1469" type="stmt" count="1"/>
      <line num="1470" type="stmt" count="1"/>
      <line num="1471" type="stmt" count="1"/>
      <line num="1473" type="stmt" count="0"/>
      <line num="1474" type="stmt" count="1"/>
      <line num="1476" type="stmt" count="1"/>
      <line num="1477" type="stmt" count="1"/>
      <line num="1480" type="stmt" count="1"/>
      <line num="1481" type="stmt" count="1"/>
      <line num="1482" type="stmt" count="1"/>
      <line num="1483" type="stmt" count="1"/>
      <line num="1484" type="stmt" count="1"/>
      <line num="1488" type="stmt" count="1"/>
      <line num="1490" type="stmt" count="1"/>
      <line num="1495" type="stmt" count="1"/>
      <line num="1496" type="stmt" count="1"/>
      <line num="1497" type="stmt" count="1"/>
      <line num="1498" type="stmt" count="1"/>
      <line num="1500" type="stmt" count="1"/>
      <line num="1504" type="method" name="parse_attr" crap="9" count="1"/>
      <line num="1508" type="stmt" count="1"/>
      <line num="1509" type="stmt" count="1"/>
      <line num="1510" type="stmt" count="0"/>
      <line num="1513" type="stmt" count="1"/>
      <line num="1514" type="stmt" count="1"/>
      <line num="1515" type="stmt" count="1"/>
      <line num="1516" type="stmt" count="1"/>
      <line num="1517" type="stmt" count="1"/>
      <line num="1518" type="stmt" count="1"/>
      <line num="1519" type="stmt" count="1"/>
      <line num="1520" type="stmt" count="1"/>
      <line num="1521" type="stmt" count="1"/>
      <line num="1522" type="stmt" count="1"/>
      <line num="1523" type="stmt" count="1"/>
      <line num="1524" type="stmt" count="1"/>
      <line num="1525" type="stmt" count="1"/>
      <line num="1526" type="stmt" count="1"/>
      <line num="1527" type="stmt" count="1"/>
      <line num="1528" type="stmt" count="1"/>
      <line num="1529" type="stmt" count="1"/>
      <line num="1530" type="stmt" count="1"/>
      <line num="1532" type="stmt" count="1"/>
      <line num="1533" type="stmt" count="1"/>
      <line num="1535" type="stmt" count="1"/>
      <line num="1536" type="stmt" count="1"/>
      <line num="1537" type="stmt" count="1"/>
      <line num="1538" type="stmt" count="1"/>
      <line num="1541" type="method" name="link_nodes" crap="2" count="1"/>
      <line num="1543" type="stmt" count="1"/>
      <line num="1544" type="stmt" count="1"/>
      <line num="1546" type="stmt" count="1"/>
      <line num="1547" type="stmt" count="1"/>
      <line num="1548" type="stmt" count="1"/>
      <line num="1549" type="stmt" count="1"/>
      <line num="1552" type="method" name="as_text_node" crap="2" count="1"/>
      <line num="1554" type="stmt" count="1"/>
      <line num="1555" type="stmt" count="1"/>
      <line num="1556" type="stmt" count="1"/>
      <line num="1557" type="stmt" count="1"/>
      <line num="1558" type="stmt" count="1"/>
      <line num="1559" type="stmt" count="1"/>
      <line num="1562" type="method" name="skip" crap="2" count="1"/>
      <line num="1564" type="stmt" count="1"/>
      <line num="1565" type="stmt" count="1"/>
      <line num="1566" type="stmt" count="1"/>
      <line num="1568" type="method" name="copy_skip" crap="3" count="1"/>
      <line num="1570" type="stmt" count="1"/>
      <line num="1571" type="stmt" count="1"/>
      <line num="1572" type="stmt" count="1"/>
      <line num="1573" type="stmt" count="1"/>
      <line num="1574" type="stmt" count="1"/>
      <line num="1575" type="stmt" count="1"/>
      <line num="1578" type="method" name="copy_until" crap="2" count="1"/>
      <line num="1580" type="stmt" count="1"/>
      <line num="1581" type="stmt" count="1"/>
      <line num="1582" type="stmt" count="1"/>
      <line num="1583" type="stmt" count="1"/>
      <line num="1584" type="stmt" count="1"/>
      <line num="1587" type="method" name="copy_until_char" crap="4" count="1"/>
      <line num="1589" type="stmt" count="1"/>
      <line num="1591" type="stmt" count="1"/>
      <line num="1592" type="stmt" count="1"/>
      <line num="1593" type="stmt" count="1"/>
      <line num="1594" type="stmt" count="1"/>
      <line num="1595" type="stmt" count="1"/>
      <line num="1598" type="stmt" count="1"/>
      <line num="1599" type="stmt" count="1"/>
      <line num="1600" type="stmt" count="1"/>
      <line num="1601" type="stmt" count="1"/>
      <line num="1602" type="stmt" count="1"/>
      <line num="1605" type="method" name="copy_until_char_escape" crap="8.12" count="1"/>
      <line num="1607" type="stmt" count="1"/>
      <line num="1609" type="stmt" count="1"/>
      <line num="1610" type="stmt" count="1"/>
      <line num="1612" type="stmt" count="1"/>
      <line num="1613" type="stmt" count="1"/>
      <line num="1614" type="stmt" count="0"/>
      <line num="1615" type="stmt" count="0"/>
      <line num="1616" type="stmt" count="0"/>
      <line num="1617" type="stmt" count="0"/>
      <line num="1620" type="stmt" count="1"/>
      <line num="1622" type="stmt" count="1"/>
      <line num="1623" type="stmt" count="0"/>
      <line num="1624" type="stmt" count="0"/>
      <line num="1627" type="stmt" count="1"/>
      <line num="1628" type="stmt" count="1"/>
      <line num="1629" type="stmt" count="1"/>
      <line num="1630" type="stmt" count="1"/>
      <line num="1632" type="stmt" count="0"/>
      <line num="1636" type="method" name="remove_noise" crap="6" count="1"/>
      <line num="1638" type="stmt" count="1"/>
      <line num="1639" type="stmt" count="1"/>
      <line num="1641" type="stmt" count="1"/>
      <line num="1643" type="stmt" count="1"/>
      <line num="1645" type="stmt" count="1"/>
      <line num="1646" type="stmt" count="1"/>
      <line num="1647" type="stmt" count="1"/>
      <line num="1648" type="stmt" count="1"/>
      <line num="1649" type="stmt" count="1"/>
      <line num="1650" type="stmt" count="1"/>
      <line num="1653" type="stmt" count="1"/>
      <line num="1654" type="stmt" count="1"/>
      <line num="1655" type="stmt" count="1"/>
      <line num="1656" type="stmt" count="1"/>
      <line num="1657" type="stmt" count="1"/>
      <line num="1658" type="stmt" count="1"/>
      <line num="1661" type="method" name="restore_noise" crap="21.19" count="1"/>
      <line num="1663" type="stmt" count="1"/>
      <line num="1664" type="stmt" count="1"/>
      <line num="1666" type="stmt" count="1"/>
      <line num="1669" type="stmt" count="0"/>
      <line num="1670" type="stmt" count="0"/>
      <line num="1671" type="stmt" count="0"/>
      <line num="1672" type="stmt" count="0"/>
      <line num="1674" type="stmt" count="0"/>
      <line num="1675" type="stmt" count="0"/>
      <line num="1676" type="stmt" count="0"/>
      <line num="1677" type="stmt" count="0"/>
      <line num="1681" type="stmt" count="0"/>
      <line num="1683" type="stmt" count="0"/>
      <line num="1687" type="stmt" count="0"/>
      <line num="1689" type="stmt" count="0"/>
      <line num="1690" type="stmt" count="1"/>
      <line num="1694" type="method" name="search_noise" crap="20" count="0"/>
      <line num="1696" type="stmt" count="0"/>
      <line num="1697" type="stmt" count="0"/>
      <line num="1699" type="stmt" count="0"/>
      <line num="1701" type="stmt" count="0"/>
      <line num="1702" type="stmt" count="0"/>
      <line num="1703" type="stmt" count="0"/>
      <line num="1705" type="stmt" count="0"/>
      <line num="1706" type="stmt" count="0"/>
      <line num="1707" type="method" name="__toString" crap="2" count="0"/>
      <line num="1709" type="stmt" count="0"/>
      <line num="1712" type="method" name="__get" crap="42" count="0"/>
      <line num="1716" type="stmt" count="0"/>
      <line num="1717" type="stmt" count="0"/>
      <line num="1718" type="stmt" count="0"/>
      <line num="1719" type="stmt" count="0"/>
      <line num="1720" type="stmt" count="0"/>
      <line num="1721" type="stmt" count="0"/>
      <line num="1722" type="stmt" count="0"/>
      <line num="1723" type="stmt" count="0"/>
      <line num="1724" type="stmt" count="0"/>
      <line num="1725" type="stmt" count="0"/>
      <line num="1727" type="stmt" count="0"/>
      <metrics loc="1742" ncloc="1267" classes="2" methods="57" coveredmethods="15" conditionals="0" coveredconditionals="0" statements="919" coveredstatements="435" elements="976" coveredelements="450"/>
    </file>
    <file name="/media/sf_lyricfloat/LyricFloat/app/search_rapgenius.php">
      <line num="13" type="stmt" count="2"/>
      <line num="14" type="stmt" count="2"/>
      <line num="16" type="stmt" count="2"/>
      <line num="17" type="stmt" count="2"/>
      <line num="18" type="stmt" count="2"/>
      <line num="20" type="stmt" count="2"/>
      <line num="22" type="stmt" count="1"/>
      <line num="23" type="stmt" count="1"/>
      <line num="24" type="stmt" count="1"/>
      <line num="25" type="stmt" count="1"/>
      <line num="26" type="stmt" count="1"/>
      <line num="27" type="stmt" count="1"/>
      <line num="28" type="stmt" count="1"/>
      <line num="29" type="stmt" count="1"/>
      <line num="30" type="stmt" count="2"/>
      <line num="31" type="stmt" count="2"/>
      <line num="32" type="stmt" count="2"/>
      <line num="34" type="stmt" count="2"/>
      <metrics loc="38" ncloc="32" classes="0" methods="0" coveredmethods="0" conditionals="0" coveredconditionals="0" statements="18" coveredstatements="18" elements="18" coveredelements="18"/>
    </file>
    <file name="/media/sf_lyricfloat/LyricFloat/app/test/white/SearchRapgeniusTest.php">
      <class name="MockGenius" namespace="global">
        <metrics methods="1" coveredmethods="1" conditionals="0" coveredconditionals="0" statements="3" coveredstatements="3" elements="4" coveredelements="4"/>
      </class>
      <class name="EmptyGenius" namespace="global">
        <metrics methods="1" coveredmethods="1" conditionals="0" coveredconditionals="0" statements="1" coveredstatements="1" elements="2" coveredelements="2"/>
      </class>
      <class name="SearchRapgeniusTest" namespace="global">
        <metrics methods="2" coveredmethods="2" conditionals="0" coveredconditionals="0" statements="18" coveredstatements="18" elements="20" coveredelements="20"/>
      </class>
      <line num="9" type="method" name="execute_request" crap="1" count="1"/>
      <line num="11" type="stmt" count="1"/>
      <line num="12" type="stmt" count="1"/>
      <line num="13" type="stmt" count="1"/>
      <line num="20" type="method" name="execute_request" crap="1" count="1"/>
      <line num="22" type="stmt" count="1"/>
      <line num="64" type="method" name="testSearch" crap="1" count="1"/>
      <line num="66" type="stmt" count="1"/>
      <line num="67" type="stmt" count="1"/>
      <line num="68" type="stmt" count="1"/>
      <line num="70" type="stmt" count="1"/>
      <line num="71" type="stmt" count="1"/>
      <line num="72" type="stmt" count="1"/>
      <line num="73" type="stmt" count="1"/>
      <line num="74" type="stmt" count="1"/>
      <line num="75" type="stmt" count="1"/>
      <line num="76" type="stmt" count="1"/>
      <line num="77" type="stmt" count="1"/>
      <line num="78" type="stmt" count="1"/>
      <line num="80" type="method" name="testEmptySearch" crap="1" count="1"/>
      <line num="82" type="stmt" count="1"/>
      <line num="83" type="stmt" count="1"/>
      <line num="84" type="stmt" count="1"/>
      <line num="86" type="stmt" count="1"/>
      <line num="87" type="stmt" count="1"/>
      <line num="88" type="stmt" count="1"/>
      <metrics loc="89" ncloc="77" classes="3" methods="4" coveredmethods="4" conditionals="0" coveredconditionals="0" statements="22" coveredstatements="22" elements="26" coveredelements="26"/>
    </file>
    <metrics files="5" loc="2192" ncloc="1519" classes="6" methods="66" coveredmethods="21" conditionals="0" coveredconditionals="0" statements="1013" coveredstatements="494" elements="1079" coveredelements="515"/>
  </project>
</coverage>
